<?xml version="1.0" encoding="UTF-8"?>
<testsuite xmlns:xsi="http://www.w3.org/2001/XMLSchema-instance" xsi:noNamespaceSchemaLocation="https://maven.apache.org/surefire/maven-surefire-plugin/xsd/surefire-test-report.xsd" version="3.0.1" name="com.nt.service.MathOpeationsTest" time="0.152" tests="10" errors="0" skipped="1" failures="1">
  <properties>
[...]
</properties>
  <testcase name="testSubWithNegetives" classname="com.nt.service.MathOpeationsTest" time="0.038">
    <system-out><![CDATA[MathOpeationsTest.setupOnce()
MathOpeationsTest.testSubWithNegetives()
]]></system-out>
  </testcase>
  <testcase name="testSumWithMixedValues" classname="com.nt.service.MathOpeationsTest" time="0.001">
    <system-out><![CDATA[MathOpeationsTest.testSumWithMixedValues()
]]></system-out>
  </testcase>
  <testcase name="testSubWithZeros" classname="com.nt.service.MathOpeationsTest" time="0.002">
    <system-out><![CDATA[MathOpeationsTest.testSubWithZeros()
]]></system-out>
  </testcase>
  <testcase name="testSumWithBigValues" classname="com.nt.service.MathOpeationsTest" time="0.002">
    <system-out><![CDATA[MathOpeationsTest.testSumWithBigValues()
]]></system-out>
  </testcase>
  <testcase name="testSumWithPositives" classname="com.nt.service.MathOpeationsTest" time="0.018">
    <failure message="expected: &lt;300.0&gt; but was: &lt;301.0&gt;" type="org.opentest4j.AssertionFailedError"><![CDATA[org.opentest4j.AssertionFailedError: expected: <300.0> but was: <301.0>
	at org.junit.jupiter.api.AssertionFailureBuilder.build(AssertionFailureBuilder.java:151)
	at org.junit.jupiter.api.AssertionFailureBuilder.buildAndThrow(AssertionFailureBuilder.java:132)
	at org.junit.jupiter.api.AssertEquals.failNotEqual(AssertEquals.java:197)
	at org.junit.jupiter.api.AssertEquals.assertEquals(AssertEquals.java:70)
	at org.junit.jupiter.api.AssertEquals.assertEquals(AssertEquals.java:65)
	at org.junit.jupiter.api.Assertions.assertEquals(Assertions.java:889)
	at com.nt.service.MathOpeationsTest.testSumWithPositives(MathOpeationsTest.java:29)
	at java.base/java.lang.reflect.Method.invoke(Method.java:580)
	at java.base/java.util.ArrayList.forEach(ArrayList.java:1596)
	at java.base/java.util.ArrayList.forEach(ArrayList.java:1596)
]]></failure>
    <system-out><![CDATA[MathOpeationsTest.testSumWithPositives()
]]></system-out>
  </testcase>
  <testcase name="testSubWithMixedValues" classname="com.nt.service.MathOpeationsTest" time="0.003">
    <system-out><![CDATA[MathOpeationsTest.testSubWithMixedValues()
]]></system-out>
  </testcase>
  <testcase name="testSubWithBigValues" classname="com.nt.service.MathOpeationsTest" time="0.0">
    <skipped message="public void com.nt.service.MathOpeationsTest.testSubWithBigValues() is @Disabled"/>
  </testcase>
  <testcase name="testSumWithNegetives" classname="com.nt.service.MathOpeationsTest" time="0.003">
    <system-out><![CDATA[MathOpeationsTest.testSumWithNegetives()
]]></system-out>
  </testcase>
  <testcase name="testSubWithPositives" classname="com.nt.service.MathOpeationsTest" time="0.003">
    <system-out><![CDATA[MathOpeationsTest.testSubWithPositives()
]]></system-out>
  </testcase>
  <testcase name="testSumWithZeros" classname="com.nt.service.MathOpeationsTest" time="0.003">
    <system-out><![CDATA[MathOpeationsTest.testSumWithZeros()
]]></system-out>
  </testcase>
</testsuite>